\BOOKMARK [1][-]{section.1}{Possible references}{}% 1
\BOOKMARK [1][-]{section.2}{Questions}{}% 2
\BOOKMARK [1][-]{section.3}{Type checking: classification}{}% 3
\BOOKMARK [2][-]{subsection.3.1}{Static type checking}{section.3}% 4
\BOOKMARK [3][-]{subsubsection.3.1.1}{Example}{subsection.3.1}% 5
\BOOKMARK [3][-]{subsubsection.3.1.2}{Advantages}{subsection.3.1}% 6
\BOOKMARK [2][-]{subsection.3.2}{Dynamic type checking}{section.3}% 7
\BOOKMARK [3][-]{subsubsection.3.2.1}{Example}{subsection.3.2}% 8
\BOOKMARK [3][-]{subsubsection.3.2.2}{Advantages}{subsection.3.2}% 9
\BOOKMARK [2][-]{subsection.3.3}{Explicitly typed}{section.3}% 10
\BOOKMARK [2][-]{subsection.3.4}{Implicitly typed \(inference\)}{section.3}% 11
\BOOKMARK [2][-]{subsection.3.5}{Strongly typed}{section.3}% 12
\BOOKMARK [3][-]{subsubsection.3.5.1}{Example}{subsection.3.5}% 13
\BOOKMARK [2][-]{subsection.3.6}{Weakly typed}{section.3}% 14
\BOOKMARK [2][-]{subsection.3.7}{Example: type inference vs. dynamic typing}{section.3}% 15
\BOOKMARK [1][-]{section.4}{Python introduction}{}% 16
\BOOKMARK [1][-]{section.5}{Python type checking}{}% 17
\BOOKMARK [2][-]{subsection.5.1}{Dynamic and strongly typed}{section.5}% 18
\BOOKMARK [2][-]{subsection.5.2}{Annotations}{section.5}% 19
\BOOKMARK [2][-]{subsection.5.3}{Duck typing}{section.5}% 20
\BOOKMARK [3][-]{subsubsection.5.3.1}{Object oriented}{subsection.5.3}% 21
\BOOKMARK [3][-]{subsubsection.5.3.2}{Main idea}{subsection.5.3}% 22
